{
  "stats": {
    "suites": 1,
    "tests": 1,
    "passes": 1,
    "pending": 0,
    "failures": 0,
    "start": "2025-03-26T05:12:08.420Z",
    "end": "2025-03-26T05:12:11.830Z",
    "duration": 3410,
    "testsRegistered": 1,
    "passPercent": 100,
    "pendingPercent": 0,
    "other": 0,
    "hasOther": false,
    "skipped": 0,
    "hasSkipped": false
  },
  "results": [
    {
      "uuid": "feb21540-e12f-4d67-8d2c-a03a09beda83",
      "title": "",
      "fullFile": "cypress/e2e/ui/sampleTest.cy.js",
      "file": "cypress/e2e/ui/sampleTest.cy.js",
      "beforeHooks": [],
      "afterHooks": [],
      "tests": [],
      "suites": [
        {
          "uuid": "d4bcae7d-944a-4e5b-a445-fa16bbf84e74",
          "title": "Sample Test",
          "fullFile": "",
          "file": "",
          "beforeHooks": [],
          "afterHooks": [],
          "tests": [
            {
              "title": "Visits Amphora homepage",
              "fullTitle": "Sample Test Visits Amphora homepage",
              "timedOut": null,
              "duration": 2610,
              "state": "passed",
              "speed": "fast",
              "pass": true,
              "fail": false,
              "pending": false,
              "context": null,
              "code": "cy.visit(\"https://www.amphora.net\");\ncy.title().should(\"include\", \"Amphora\");",
              "err": {},
              "uuid": "b7d707c9-bb03-4ed6-8856-f4257ac64673",
              "parentUUID": "d4bcae7d-944a-4e5b-a445-fa16bbf84e74",
              "isHook": false,
              "skipped": false
            }
          ],
          "suites": [],
          "passes": [
            "b7d707c9-bb03-4ed6-8856-f4257ac64673"
          ],
          "failures": [],
          "pending": [],
          "skipped": [],
          "duration": 2610,
          "root": false,
          "rootEmpty": false,
          "_timeout": 2000
        }
      ],
      "passes": [],
      "failures": [],
      "pending": [],
      "skipped": [],
      "duration": 0,
      "root": true,
      "rootEmpty": true,
      "_timeout": 2000
    }
  ],
  "meta": {
    "mocha": {
      "version": "7.0.1"
    },
    "mochawesome": {
      "options": {
        "quiet": false,
        "reportFilename": "mochawesome",
        "saveHtml": true,
        "saveJson": true,
        "consoleReporter": "spec",
        "useInlineDiffs": false,
        "code": true
      },
      "version": "7.1.3"
    },
    "marge": {
      "options": {
        "reportDir": "reports",
        "overwrite": false,
        "html": true,
        "json": true
      },
      "version": "6.2.0"
    }
  }
}