{
  "stats": {
    "suites": 1,
    "tests": 1,
    "passes": 1,
    "pending": 0,
    "failures": 0,
    "start": "2025-03-26T05:20:32.995Z",
    "end": "2025-03-26T05:20:35.522Z",
    "duration": 2527,
    "testsRegistered": 1,
    "passPercent": 100,
    "pendingPercent": 0,
    "other": 0,
    "hasOther": false,
    "skipped": 0,
    "hasSkipped": false
  },
  "results": [
    {
      "uuid": "27992510-a5bb-46da-a55e-1ed7a8928406",
      "title": "",
      "fullFile": "cypress/e2e/ui/sampleTest.cy.js",
      "file": "cypress/e2e/ui/sampleTest.cy.js",
      "beforeHooks": [],
      "afterHooks": [],
      "tests": [],
      "suites": [
        {
          "uuid": "7d8646eb-8855-4099-8da0-07c6393742d3",
          "title": "Sample Test",
          "fullFile": "",
          "file": "",
          "beforeHooks": [],
          "afterHooks": [],
          "tests": [
            {
              "title": "Visits Amphora homepage",
              "fullTitle": "Sample Test Visits Amphora homepage",
              "timedOut": null,
              "duration": 1864,
              "state": "passed",
              "speed": "fast",
              "pass": true,
              "fail": false,
              "pending": false,
              "context": null,
              "code": "cy.visit(\"https://www.amphora.net\");\ncy.title().should(\"include\", \"Amphora\");",
              "err": {},
              "uuid": "d11e901e-9207-492f-970b-7de3da29bc14",
              "parentUUID": "7d8646eb-8855-4099-8da0-07c6393742d3",
              "isHook": false,
              "skipped": false
            }
          ],
          "suites": [],
          "passes": [
            "d11e901e-9207-492f-970b-7de3da29bc14"
          ],
          "failures": [],
          "pending": [],
          "skipped": [],
          "duration": 1864,
          "root": false,
          "rootEmpty": false,
          "_timeout": 2000
        }
      ],
      "passes": [],
      "failures": [],
      "pending": [],
      "skipped": [],
      "duration": 0,
      "root": true,
      "rootEmpty": true,
      "_timeout": 2000
    }
  ],
  "meta": {
    "mocha": {
      "version": "7.0.1"
    },
    "mochawesome": {
      "options": {
        "quiet": false,
        "reportFilename": "mochawesome",
        "saveHtml": true,
        "saveJson": true,
        "consoleReporter": "spec",
        "useInlineDiffs": false,
        "code": true
      },
      "version": "7.1.3"
    },
    "marge": {
      "options": {
        "reportDir": "reports",
        "overwrite": false,
        "html": true,
        "json": true
      },
      "version": "6.2.0"
    }
  }
}